<?xml version="1.0" encoding="UTF-8"?>
<!-- Generated by org.testng.reporters.JUnitReportReporter -->
<testsuite hostname="DESKTOP-7URID6Q" failures="0" tests="1" name="learning.TestNGListeners.DemoClassOne" time="5.585" errors="0" timestamp="2022-08-28T18:33:40 IST" skipped="0">
  <testcase classname="learning.TestNGListeners.DemoClassOne" name="testOne" time="5.585"/>
  <system-out/>
</testsuite> <!-- learning.TestNGListeners.DemoClassOne -->
