<?xml version="1.0" encoding="UTF-8"?>
<!-- Generated by org.testng.reporters.JUnitReportReporter -->
<testsuite hostname="DESKTOP-7URID6Q" failures="0" tests="1" name="learning.Grid.ParallelExecution.SuiteOne.TestA" time="3.021" errors="0" timestamp="2022-11-29T09:01:05 IST" skipped="0">
  <testcase classname="learning.Grid.ParallelExecution.SuiteOne.TestA" name="testA" time="3.021"/>
  <system-out/>
</testsuite> <!-- learning.Grid.ParallelExecution.SuiteOne.TestA -->
