<?xml version="1.0" encoding="UTF-8"?>
<!-- Generated by org.testng.reporters.JUnitReportReporter -->
<testsuite hostname="DESKTOP-7URID6Q" failures="0" tests="1" name="learning.Grid.ParallelExecution.SuiteOne.TestB" time="3.019" errors="0" timestamp="2022-11-29T09:01:05 IST" skipped="0">
  <testcase classname="learning.Grid.ParallelExecution.SuiteOne.TestB" name="testB" time="3.019"/>
  <system-out/>
</testsuite> <!-- learning.Grid.ParallelExecution.SuiteOne.TestB -->
