<?xml version="1.0" encoding="UTF-8"?>
<!-- Generated by org.testng.reporters.JUnitReportReporter -->
<testsuite hostname="DESKTOP-7URID6Q" failures="0" tests="1" name="learning.Grid.ParallelExecution.TestA" time="3.048" errors="0" timestamp="2022-11-29T08:33:32 IST" skipped="0">
  <testcase classname="learning.Grid.ParallelExecution.TestA" name="testA" time="3.048"/>
  <system-out/>
</testsuite> <!-- learning.Grid.ParallelExecution.TestA -->
