<?xml version="1.0" encoding="UTF-8"?>
<!-- Generated by org.testng.reporters.JUnitReportReporter -->
<testsuite hostname="DESKTOP-7URID6Q" failures="0" tests="1" name="learning.Grid.ParallelExecution.SuiteTwo.TestF" time="3.020" errors="0" timestamp="2022-11-29T09:01:05 IST" skipped="0">
  <testcase classname="learning.Grid.ParallelExecution.SuiteTwo.TestF" name="testF" time="3.020"/>
  <system-out/>
</testsuite> <!-- learning.Grid.ParallelExecution.SuiteTwo.TestF -->
